This file contains any messages produced by compilers while
running configure, to aid debugging if configure makes a mistake.

It was created by tdbcsqlite3 configure 1.1.1, which was
generated by GNU Autoconf 2.69.  Invocation command line was

  $ /usr/local/src/mysql/tar/tcl8.6.10/pkgs/tdbcsqlite3-1.1.1/configure --with-tcl=../.. --with-tclinclude=/usr/local/src/mysql/tar/tcl8.6.10/generic --prefix=/usr/local/tcl --enable-shared --libdir=/usr/local/tcl/lib --enable-shared --enable-threads

## --------- ##
## Platform. ##
## --------- ##

hostname = localhost.localdomain
uname -m = x86_64
uname -r = 3.10.0-693.el7.x86_64
uname -s = Linux
uname -v = #1 SMP Tue Aug 22 21:09:27 UTC 2017

/usr/bin/uname -p = x86_64
/bin/uname -X     = unknown

/bin/arch              = x86_64
/usr/bin/arch -k       = unknown
/usr/convex/getsysinfo = unknown
/usr/bin/hostinfo      = unknown
/bin/machine           = unknown
/usr/bin/oslevel       = unknown
/bin/universe          = unknown

PATH: /usr/local/sbin
PATH: /usr/local/bin
PATH: /usr/sbin
PATH: /usr/bin
PATH: /usr/local/mysql/bin
PATH: /usr/local/expect/bin
PATH: /root/bin


## ----------- ##
## Core tests. ##
## ----------- ##

configure:2131: checking TEA configuration
configure:2137: result: ok (TEA 3.13)
configure:2218: configuring tdbcsqlite3 1.1.1
configure:2248: checking system version
configure:2274: result: Linux-3.10.0-693.el7.x86_64
configure:2343: checking for Tcl configuration
configure:2475: result: found /usr/local/src/mysql/tar/tcl8.6.10/unix/tclConfig.sh
configure:2528: checking for gcc
configure:2544: found /usr/bin/gcc
configure:2555: result: gcc
configure:2784: checking for C compiler version
configure:2793: gcc --version >&5
gcc (GCC) 4.8.5 20150623 (Red Hat 4.8.5-39)
Copyright (C) 2015 Free Software Foundation, Inc.
This is free software; see the source for copying conditions.  There is NO
warranty; not even for MERCHANTABILITY or FITNESS FOR A PARTICULAR PURPOSE.

configure:2804: $? = 0
configure:2793: gcc -v >&5
Using built-in specs.
COLLECT_GCC=gcc
COLLECT_LTO_WRAPPER=/usr/libexec/gcc/x86_64-redhat-linux/4.8.5/lto-wrapper
Target: x86_64-redhat-linux
Configured with: ../configure --prefix=/usr --mandir=/usr/share/man --infodir=/usr/share/info --with-bugurl=http://bugzilla.redhat.com/bugzilla --enable-bootstrap --enable-shared --enable-threads=posix --enable-checking=release --with-system-zlib --enable-__cxa_atexit --disable-libunwind-exceptions --enable-gnu-unique-object --enable-linker-build-id --with-linker-hash-style=gnu --enable-languages=c,c++,objc,obj-c++,java,fortran,ada,go,lto --enable-plugin --enable-initfini-array --disable-libgcj --with-isl=/builddir/build/BUILD/gcc-4.8.5-20150702/obj-x86_64-redhat-linux/isl-install --with-cloog=/builddir/build/BUILD/gcc-4.8.5-20150702/obj-x86_64-redhat-linux/cloog-install --enable-gnu-indirect-function --with-tune=generic --with-arch_32=x86-64 --build=x86_64-redhat-linux
Thread model: posix
gcc version 4.8.5 20150623 (Red Hat 4.8.5-39) (GCC) 
configure:2804: $? = 0
configure:2793: gcc -V >&5
gcc: error: unrecognized command line option '-V'
gcc: fatal error: no input files
compilation terminated.
configure:2804: $? = 4
configure:2793: gcc -qversion >&5
gcc: error: unrecognized command line option '-qversion'
gcc: fatal error: no input files
compilation terminated.
configure:2804: $? = 4
configure:2824: checking whether the C compiler works
configure:2846: gcc    conftest.c  >&5
configure:2850: $? = 0
configure:2898: result: yes
configure:2901: checking for C compiler default output file name
configure:2903: result: a.out
configure:2909: checking for suffix of executables
configure:2916: gcc -o conftest    conftest.c  >&5
configure:2920: $? = 0
configure:2942: result: 
configure:2964: checking whether we are cross compiling
configure:2972: gcc -o conftest    conftest.c  >&5
configure:2976: $? = 0
configure:2983: ./conftest
configure:2987: $? = 0
configure:3002: result: no
configure:3007: checking for suffix of object files
configure:3029: gcc -c   conftest.c >&5
configure:3033: $? = 0
configure:3054: result: o
configure:3058: checking whether we are using the GNU C compiler
configure:3077: gcc -c   conftest.c >&5
configure:3077: $? = 0
configure:3086: result: yes
configure:3095: checking whether gcc accepts -g
configure:3115: gcc -c -g  conftest.c >&5
configure:3115: $? = 0
configure:3156: result: yes
configure:3173: checking for gcc option to accept ISO C89
configure:3236: gcc  -c   conftest.c >&5
configure:3236: $? = 0
configure:3249: result: none needed
configure:3271: checking for existence of /usr/local/src/mysql/tar/tcl8.6.10/unix/tclConfig.sh
configure:3275: result: loading
configure:3339: checking platform
configure:3357: gcc -c   conftest.c >&5
configure:3357: $? = 0
configure:3408: result: unix
configure:3460: checking for tdbc configuration
configure:3548: result: found /usr/local/src/mysql/tar/tcl8.6.10/unix/pkgs/tdbc1.1.1/tdbcConfig.sh
configure:3554: checking for existence of /usr/local/src/mysql/tar/tcl8.6.10/unix/pkgs/tdbc1.1.1/tdbcConfig.sh
configure:3558: result: loading
configure:3576: WARNING: Found Makefile - using build library specs for tdbc
configure:3647: checking For tdbc_STUB library for LIBS
configure:3680: result: using tdbc_STUB_LIB_SPEC -L/usr/local/src/mysql/tar/tcl8.6.10/unix/pkgs/tdbc1.1.1 -ltdbcstub1.1.1
configure:3693: WARNING: Looking for "/usr/local/src/mysql/tar/tcl8.6.10/unix/pkgs/tdbc1.1.1/Makefile"
configure:3696: WARNING: Found Makefile - using build include spec and lib specs for tdbc
configure:3727: --exec-prefix defaulting to TCL_EXEC_PREFIX /usr/local/tcl
configure:3859: checking for pthread_mutex_init in -lpthread
configure:3884: gcc -o conftest    conftest.c -lpthread   >&5
configure:3884: $? = 0
configure:3893: result: yes
configure:4102: checking for building with threads
configure:4108: result: yes (default)
configure:4193: checking for ranlib
configure:4209: found /usr/bin/ranlib
configure:4220: result: ranlib
configure:4247: checking how to run the C preprocessor
configure:4278: gcc -E  conftest.c
configure:4278: $? = 0
configure:4292: gcc -E  conftest.c
conftest.c:14:28: fatal error: ac_nonexistent.h: No such file or directory
 #include <ac_nonexistent.h>
                            ^
compilation terminated.
configure:4292: $? = 1
configure: failed program was:
| /* confdefs.h */
| #define PACKAGE_NAME "tdbcsqlite3"
| #define PACKAGE_TARNAME "tdbcsqlite3"
| #define PACKAGE_VERSION "1.1.1"
| #define PACKAGE_STRING "tdbcsqlite3 1.1.1"
| #define PACKAGE_BUGREPORT ""
| #define PACKAGE_URL ""
| #define BUILD_tdbcsqlite3 /**/
| #define USE_THREAD_ALLOC 1
| #define _REENTRANT 1
| #define _THREAD_SAFE 1
| #define TCL_THREADS 1
| /* end confdefs.h.  */
| #include <ac_nonexistent.h>
configure:4317: result: gcc -E
configure:4337: gcc -E  conftest.c
configure:4337: $? = 0
configure:4351: gcc -E  conftest.c
conftest.c:14:28: fatal error: ac_nonexistent.h: No such file or directory
 #include <ac_nonexistent.h>
                            ^
compilation terminated.
configure:4351: $? = 1
configure: failed program was:
| /* confdefs.h */
| #define PACKAGE_NAME "tdbcsqlite3"
| #define PACKAGE_TARNAME "tdbcsqlite3"
| #define PACKAGE_VERSION "1.1.1"
| #define PACKAGE_STRING "tdbcsqlite3 1.1.1"
| #define PACKAGE_BUGREPORT ""
| #define PACKAGE_URL ""
| #define BUILD_tdbcsqlite3 /**/
| #define USE_THREAD_ALLOC 1
| #define _REENTRANT 1
| #define _THREAD_SAFE 1
| #define TCL_THREADS 1
| /* end confdefs.h.  */
| #include <ac_nonexistent.h>
configure:4380: checking for grep that handles long lines and -e
configure:4438: result: /usr/bin/grep
configure:4443: checking for egrep
configure:4505: result: /usr/bin/grep -E
configure:4510: checking for ANSI C header files
configure:4530: gcc -c   conftest.c >&5
configure:4530: $? = 0
configure:4614: result: no
configure:4627: checking for sys/types.h
configure:4627: gcc -c   conftest.c >&5
configure:4627: $? = 0
configure:4627: result: yes
configure:4627: checking for sys/stat.h
configure:4627: gcc -c   conftest.c >&5
configure:4627: $? = 0
configure:4627: result: yes
configure:4627: checking for stdlib.h
configure:4627: gcc -c   conftest.c >&5
configure:4627: $? = 0
configure:4627: result: yes
configure:4627: checking for string.h
configure:4627: gcc -c   conftest.c >&5
configure:4627: $? = 0
configure:4627: result: yes
configure:4627: checking for memory.h
configure:4627: gcc -c   conftest.c >&5
configure:4627: $? = 0
configure:4627: result: yes
configure:4627: checking for strings.h
configure:4627: gcc -c   conftest.c >&5
configure:4627: $? = 0
configure:4627: result: yes
configure:4627: checking for inttypes.h
configure:4627: gcc -c   conftest.c >&5
configure:4627: $? = 0
configure:4627: result: yes
configure:4627: checking for stdint.h
configure:4627: gcc -c   conftest.c >&5
configure:4627: $? = 0
configure:4627: result: yes
configure:4627: checking for unistd.h
configure:4627: gcc -c   conftest.c >&5
configure:4627: $? = 0
configure:4627: result: yes
configure:4644: checking if 64bit support is requested
configure:4653: result: no
configure:4658: checking if 64bit Sparc VIS support is requested
configure:4667: result: no
configure:4677: checking if compiler supports visibility "hidden"
configure:4697: gcc -o conftest  -Werror   conftest.c  >&5
configure:4697: $? = 0
configure:4706: result: yes
configure:4721: checking if rpath support is requested
configure:4730: result: yes
configure:4737: checking system version
configure:4763: result: Linux-3.10.0-693.el7.x86_64
configure:4843: checking for ar
configure:4859: found /usr/bin/ar
configure:4870: result: ar
configure:6580: checking for cast to union support
configure:6599: gcc -c   conftest.c >&5
configure:6599: $? = 0
configure:6607: result: yes
configure:6615: checking stdbool.h usability
configure:6615: gcc -c   conftest.c >&5
configure:6615: $? = 0
configure:6615: result: yes
configure:6615: checking stdbool.h presence
configure:6615: gcc -E  conftest.c
configure:6615: $? = 0
configure:6615: result: yes
configure:6615: checking for stdbool.h
configure:6615: result: yes
configure:6639: checking for required early compiler flags
configure:6657: gcc -c   conftest.c >&5
configure:6657: $? = 0
configure:6704: gcc -c   conftest.c >&5
conftest.c: In function 'main':
conftest.c:31:15: error: storage size of 'buf' isn't known
 struct stat64 buf; int i = stat64("/", &buf);
               ^
configure:6704: $? = 1
configure: failed program was:
| /* confdefs.h */
| #define PACKAGE_NAME "tdbcsqlite3"
| #define PACKAGE_TARNAME "tdbcsqlite3"
| #define PACKAGE_VERSION "1.1.1"
| #define PACKAGE_STRING "tdbcsqlite3 1.1.1"
| #define PACKAGE_BUGREPORT ""
| #define PACKAGE_URL ""
| #define BUILD_tdbcsqlite3 /**/
| #define USE_THREAD_ALLOC 1
| #define _REENTRANT 1
| #define _THREAD_SAFE 1
| #define TCL_THREADS 1
| #define HAVE_SYS_TYPES_H 1
| #define HAVE_SYS_STAT_H 1
| #define HAVE_STDLIB_H 1
| #define HAVE_STRING_H 1
| #define HAVE_MEMORY_H 1
| #define HAVE_STRINGS_H 1
| #define HAVE_INTTYPES_H 1
| #define HAVE_STDINT_H 1
| #define HAVE_UNISTD_H 1
| #define MODULE_SCOPE extern __attribute__((__visibility__("hidden")))
| #define HAVE_HIDDEN 1
| #define HAVE_CAST_TO_UNION 1
| #define HAVE_STDBOOL_H 1
| /* end confdefs.h.  */
| #include <sys/stat.h>
| int
| main ()
| {
| struct stat64 buf; int i = stat64("/", &buf);
|   ;
|   return 0;
| }
configure:6719: gcc -c   conftest.c >&5
configure:6719: $? = 0
configure:6751: gcc -c   conftest.c >&5
conftest.c: In function 'main':
conftest.c:32:19: error: 'open64' undeclared (first use in this function)
 char *p = (char *)open64;
                   ^
conftest.c:32:19: note: each undeclared identifier is reported only once for each function it appears in
configure:6751: $? = 1
configure: failed program was:
| /* confdefs.h */
| #define PACKAGE_NAME "tdbcsqlite3"
| #define PACKAGE_TARNAME "tdbcsqlite3"
| #define PACKAGE_VERSION "1.1.1"
| #define PACKAGE_STRING "tdbcsqlite3 1.1.1"
| #define PACKAGE_BUGREPORT ""
| #define PACKAGE_URL ""
| #define BUILD_tdbcsqlite3 /**/
| #define USE_THREAD_ALLOC 1
| #define _REENTRANT 1
| #define _THREAD_SAFE 1
| #define TCL_THREADS 1
| #define HAVE_SYS_TYPES_H 1
| #define HAVE_SYS_STAT_H 1
| #define HAVE_STDLIB_H 1
| #define HAVE_STRING_H 1
| #define HAVE_MEMORY_H 1
| #define HAVE_STRINGS_H 1
| #define HAVE_INTTYPES_H 1
| #define HAVE_STDINT_H 1
| #define HAVE_UNISTD_H 1
| #define MODULE_SCOPE extern __attribute__((__visibility__("hidden")))
| #define HAVE_HIDDEN 1
| #define HAVE_CAST_TO_UNION 1
| #define HAVE_STDBOOL_H 1
| #define _LARGEFILE64_SOURCE 1
| /* end confdefs.h.  */
| #include <sys/stat.h>
| int
| main ()
| {
| char *p = (char *)open64;
|   ;
|   return 0;
| }
configure:6766: gcc -c   conftest.c >&5
conftest.c: In function 'main':
conftest.c:33:19: error: 'open64' undeclared (first use in this function)
 char *p = (char *)open64;
                   ^
conftest.c:33:19: note: each undeclared identifier is reported only once for each function it appears in
configure:6766: $? = 1
configure: failed program was:
| /* confdefs.h */
| #define PACKAGE_NAME "tdbcsqlite3"
| #define PACKAGE_TARNAME "tdbcsqlite3"
| #define PACKAGE_VERSION "1.1.1"
| #define PACKAGE_STRING "tdbcsqlite3 1.1.1"
| #define PACKAGE_BUGREPORT ""
| #define PACKAGE_URL ""
| #define BUILD_tdbcsqlite3 /**/
| #define USE_THREAD_ALLOC 1
| #define _REENTRANT 1
| #define _THREAD_SAFE 1
| #define TCL_THREADS 1
| #define HAVE_SYS_TYPES_H 1
| #define HAVE_SYS_STAT_H 1
| #define HAVE_STDLIB_H 1
| #define HAVE_STRING_H 1
| #define HAVE_MEMORY_H 1
| #define HAVE_STRINGS_H 1
| #define HAVE_INTTYPES_H 1
| #define HAVE_STDINT_H 1
| #define HAVE_UNISTD_H 1
| #define MODULE_SCOPE extern __attribute__((__visibility__("hidden")))
| #define HAVE_HIDDEN 1
| #define HAVE_CAST_TO_UNION 1
| #define HAVE_STDBOOL_H 1
| #define _LARGEFILE64_SOURCE 1
| /* end confdefs.h.  */
| #define _LARGEFILE_SOURCE64 1
| #include <sys/stat.h>
| int
| main ()
| {
| char *p = (char *)open64;
|   ;
|   return 0;
| }
configure:6787: result:  _LARGEFILE64_SOURCE
configure:6792: checking for 64-bit integer type
configure:6811: gcc -c   conftest.c >&5
conftest.c: In function 'main':
conftest.c:32:1: error: unknown type name '__int64'
 __int64 value = (__int64) 0;
 ^
conftest.c:32:18: error: '__int64' undeclared (first use in this function)
 __int64 value = (__int64) 0;
                  ^
conftest.c:32:18: note: each undeclared identifier is reported only once for each function it appears in
conftest.c:32:27: error: expected ',' or ';' before numeric constant
 __int64 value = (__int64) 0;
                           ^
configure:6811: $? = 1
configure: failed program was:
| /* confdefs.h */
| #define PACKAGE_NAME "tdbcsqlite3"
| #define PACKAGE_TARNAME "tdbcsqlite3"
| #define PACKAGE_VERSION "1.1.1"
| #define PACKAGE_STRING "tdbcsqlite3 1.1.1"
| #define PACKAGE_BUGREPORT ""
| #define PACKAGE_URL ""
| #define BUILD_tdbcsqlite3 /**/
| #define USE_THREAD_ALLOC 1
| #define _REENTRANT 1
| #define _THREAD_SAFE 1
| #define TCL_THREADS 1
| #define HAVE_SYS_TYPES_H 1
| #define HAVE_SYS_STAT_H 1
| #define HAVE_STDLIB_H 1
| #define HAVE_STRING_H 1
| #define HAVE_MEMORY_H 1
| #define HAVE_STRINGS_H 1
| #define HAVE_INTTYPES_H 1
| #define HAVE_STDINT_H 1
| #define HAVE_UNISTD_H 1
| #define MODULE_SCOPE extern __attribute__((__visibility__("hidden")))
| #define HAVE_HIDDEN 1
| #define HAVE_CAST_TO_UNION 1
| #define HAVE_STDBOOL_H 1
| #define _LARGEFILE64_SOURCE 1
| /* end confdefs.h.  */
| 
| int
| main ()
| {
| __int64 value = (__int64) 0;
|   ;
|   return 0;
| }
configure:6833: gcc -c   conftest.c >&5
conftest.c: In function 'main':
conftest.c:33:21: error: duplicate case value
             case 1: case (sizeof(long long)==sizeof(long)): ;
                     ^
conftest.c:33:13: error: previously used here
             case 1: case (sizeof(long long)==sizeof(long)): ;
             ^
configure:6833: $? = 1
configure: failed program was:
| /* confdefs.h */
| #define PACKAGE_NAME "tdbcsqlite3"
| #define PACKAGE_TARNAME "tdbcsqlite3"
| #define PACKAGE_VERSION "1.1.1"
| #define PACKAGE_STRING "tdbcsqlite3 1.1.1"
| #define PACKAGE_BUGREPORT ""
| #define PACKAGE_URL ""
| #define BUILD_tdbcsqlite3 /**/
| #define USE_THREAD_ALLOC 1
| #define _REENTRANT 1
| #define _THREAD_SAFE 1
| #define TCL_THREADS 1
| #define HAVE_SYS_TYPES_H 1
| #define HAVE_SYS_STAT_H 1
| #define HAVE_STDLIB_H 1
| #define HAVE_STRING_H 1
| #define HAVE_MEMORY_H 1
| #define HAVE_STRINGS_H 1
| #define HAVE_INTTYPES_H 1
| #define HAVE_STDINT_H 1
| #define HAVE_UNISTD_H 1
| #define MODULE_SCOPE extern __attribute__((__visibility__("hidden")))
| #define HAVE_HIDDEN 1
| #define HAVE_CAST_TO_UNION 1
| #define HAVE_STDBOOL_H 1
| #define _LARGEFILE64_SOURCE 1
| /* end confdefs.h.  */
| 
| int
| main ()
| {
| switch (0) {
|             case 1: case (sizeof(long long)==sizeof(long)): ;
|         }
|   ;
|   return 0;
| }
configure:6843: result: yes
configure:7016: checking for build with symbols
configure:7029: result: no
configure:7081: checking for tclsh
configure:7116: result: /usr/local/src/mysql/tar/tcl8.6.10/unix/tclsh
configure:7289: creating ./config.status

## ---------------------- ##
## Running config.status. ##
## ---------------------- ##

This file was extended by tdbcsqlite3 config.status 1.1.1, which was
generated by GNU Autoconf 2.69.  Invocation command line was

  CONFIG_FILES    = 
  CONFIG_HEADERS  = 
  CONFIG_LINKS    = 
  CONFIG_COMMANDS = 
  $ ./config.status 

on localhost.localdomain

config.status:799: creating Makefile
config.status:799: creating pkgIndex.tcl
configure:8291: WARNING: unrecognized options: --with-tclinclude, --enable-shared, --enable-shared

## ---------------- ##
## Cache variables. ##
## ---------------- ##

ac_cv_c_compiler_gnu=yes
ac_cv_c_tclconfig=/usr/local/src/mysql/tar/tcl8.6.10/unix
ac_cv_c_tdbcconfig=/usr/local/src/mysql/tar/tcl8.6.10/unix/pkgs/tdbc1.1.1
ac_cv_env_CC_set=
ac_cv_env_CC_value=
ac_cv_env_CFLAGS_set=
ac_cv_env_CFLAGS_value=
ac_cv_env_CPPFLAGS_set=
ac_cv_env_CPPFLAGS_value=
ac_cv_env_CPP_set=
ac_cv_env_CPP_value=
ac_cv_env_LDFLAGS_set=
ac_cv_env_LDFLAGS_value=
ac_cv_env_LIBS_set=
ac_cv_env_LIBS_value=
ac_cv_env_build_alias_set=
ac_cv_env_build_alias_value=
ac_cv_env_host_alias_set=
ac_cv_env_host_alias_value=
ac_cv_env_target_alias_set=
ac_cv_env_target_alias_value=
ac_cv_header_inttypes_h=yes
ac_cv_header_memory_h=yes
ac_cv_header_stdbool_h=yes
ac_cv_header_stdc=no
ac_cv_header_stdint_h=yes
ac_cv_header_stdlib_h=yes
ac_cv_header_string_h=yes
ac_cv_header_strings_h=yes
ac_cv_header_sys_stat_h=yes
ac_cv_header_sys_types_h=yes
ac_cv_header_unistd_h=yes
ac_cv_lib_pthread_pthread_mutex_init=yes
ac_cv_objext=o
ac_cv_path_EGREP='/usr/bin/grep -E'
ac_cv_path_GREP=/usr/bin/grep
ac_cv_prog_CPP='gcc -E'
ac_cv_prog_ac_ct_AR=ar
ac_cv_prog_ac_ct_CC=gcc
ac_cv_prog_ac_ct_RANLIB=ranlib
ac_cv_prog_cc_c89=
ac_cv_prog_cc_g=yes
tcl_cv_cast_to_union=yes
tcl_cv_cc_visibility_hidden=yes
tcl_cv_flag__isoc99_source=no
tcl_cv_flag__largefile64_source=yes
tcl_cv_flag__largefile_source64=no
tcl_cv_sys_version=Linux-3.10.0-693.el7.x86_64
tcl_cv_type_64bit=none

## ----------------- ##
## Output variables. ##
## ----------------- ##

AR='ar'
CC='gcc'
CFLAGS=' '
CFLAGS_DEBUG='-g'
CFLAGS_DEFAULT='-O2 -fomit-frame-pointer -DNDEBUG'
CFLAGS_OPTIMIZE='-O2 -fomit-frame-pointer'
CFLAGS_WARNING='-Wall'
CLEANFILES=''
CPP='gcc -E'
CPPFLAGS=''
CYGPATH='echo'
DEFS='-DPACKAGE_NAME=\"tdbcsqlite3\" -DPACKAGE_TARNAME=\"tdbcsqlite3\" -DPACKAGE_VERSION=\"1.1.1\" -DPACKAGE_STRING=\"tdbcsqlite3\ 1.1.1\" -DPACKAGE_BUGREPORT=\"\" -DPACKAGE_URL=\"\" -DBUILD_tdbcsqlite3=/\*\*/ -DUSE_THREAD_ALLOC=1 -D_REENTRANT=1 -D_THREAD_SAFE=1 -DTCL_THREADS=1 -DHAVE_SYS_TYPES_H=1 -DHAVE_SYS_STAT_H=1 -DHAVE_STDLIB_H=1 -DHAVE_STRING_H=1 -DHAVE_MEMORY_H=1 -DHAVE_STRINGS_H=1 -DHAVE_INTTYPES_H=1 -DHAVE_STDINT_H=1 -DHAVE_UNISTD_H=1 -DMODULE_SCOPE=extern\ __attribute__\(\(__visibility__\(\"hidden\"\)\)\) -DHAVE_HIDDEN=1 -DHAVE_CAST_TO_UNION=1 -DHAVE_STDBOOL_H=1 -D_LARGEFILE64_SOURCE=1 -DTCL_WIDE_INT_IS_LONG=1'
ECHO_C=''
ECHO_N='-n'
ECHO_T=''
EGREP='/usr/bin/grep -E'
EXEEXT=''
GREP='/usr/bin/grep'
INSTALL='$(SHELL) $(srcdir)/tclconfig/install-sh -c'
INSTALL_DATA='${INSTALL} -m 644'
INSTALL_DATA_DIR='${INSTALL} -d -m 755'
INSTALL_LIBRARY='${INSTALL} -m 644'
INSTALL_PROGRAM='${INSTALL} -m 755'
INSTALL_SCRIPT='${INSTALL} -m 755'
LDFLAGS=' -Wl,--export-dynamic '
LDFLAGS_DEFAULT=' -Wl,--export-dynamic '
LD_LIBRARY_PATH_VAR='LD_LIBRARY_PATH'
LIBOBJS=''
LIBS=''
LTLIBOBJS=''
OBJEXT='o'
PACKAGE_BUGREPORT=''
PACKAGE_NAME='tdbcsqlite3'
PACKAGE_STRING='tdbcsqlite3 1.1.1'
PACKAGE_TARNAME='tdbcsqlite3'
PACKAGE_URL=''
PACKAGE_VERSION='1.1.1'
PATH_SEPARATOR=':'
PKG_CFLAGS=''
PKG_HEADERS=''
PKG_INCLUDES=''
PKG_LIBS=' -L/usr/local/src/mysql/tar/tcl8.6.10/unix/pkgs/tdbc1.1.1 -ltdbcstub1.1.1'
PKG_LIB_FILE=''
PKG_STUB_LIB_FILE=''
PKG_STUB_OBJECTS=''
PKG_STUB_SOURCES=''
PKG_TCL_SOURCES=' library/tdbcsqlite3.tcl'
RANLIB='ranlib'
RC=''
SHELL='/bin/sh'
SHLIB_CFLAGS='-fPIC'
SHLIB_LD='${CC} ${CFLAGS} ${LDFLAGS_DEFAULT} -shared'
SHLIB_LD_LIBS='${LIBS}'
STLIB_LD='${AR} cr'
TCLSH_PROG='/usr/local/src/mysql/tar/tcl8.6.10/unix/tclsh'
TCL_BIN_DIR='/usr/local/src/mysql/tar/tcl8.6.10/unix'
TCL_DBGX=''
TCL_DEFS='-DPACKAGE_NAME=\"tcl\" -DPACKAGE_TARNAME=\"tcl\" -DPACKAGE_VERSION=\"8.6\" -DPACKAGE_STRING=\"tcl\ 8.6\" -DPACKAGE_BUGREPORT=\"\" -DSTDC_HEADERS=1 -DHAVE_SYS_TYPES_H=1 -DHAVE_SYS_STAT_H=1 -DHAVE_STDLIB_H=1 -DHAVE_STRING_H=1 -DHAVE_MEMORY_H=1 -DHAVE_STRINGS_H=1 -DHAVE_INTTYPES_H=1 -DHAVE_STDINT_H=1 -DHAVE_UNISTD_H=1 -DHAVE_SYS_PARAM_H=1 -DUSE_THREAD_ALLOC=1 -D_REENTRANT=1 -D_THREAD_SAFE=1 -DHAVE_PTHREAD_ATTR_SETSTACKSIZE=1 -DHAVE_PTHREAD_ATFORK=1 -DTCL_THREADS=1 -DTCL_CFGVAL_ENCODING=\"iso8859-1\" -DHAVE_ZLIB=1 -DMODULE_SCOPE=extern\ __attribute__\(\(__visibility__\(\"hidden\"\)\)\) -DHAVE_HIDDEN=1 -DHAVE_CAST_TO_UNION=1 -DTCL_SHLIB_EXT=\".so\" -DNDEBUG=1 -DTCL_CFG_OPTIMIZED=1 -DTCL_TOMMATH=1 -DMP_PREC=4 -D_LARGEFILE64_SOURCE=1 -DTCL_WIDE_INT_IS_LONG=1 -DHAVE_GETCWD=1 -DHAVE_MKSTEMP=1 -DHAVE_OPENDIR=1 -DHAVE_STRTOL=1 -DHAVE_WAITPID=1 -DHAVE_GETNAMEINFO=1 -DHAVE_GETADDRINFO=1 -DHAVE_FREEADDRINFO=1 -DHAVE_GAI_STRERROR=1 -DHAVE_STRUCT_ADDRINFO=1 -DHAVE_STRUCT_IN6_ADDR=1 -DHAVE_STRUCT_SOCKADDR_IN6=1 -DHAVE_STRUCT_SOCKADDR_STORAGE=1 -DHAVE_GETPWUID_R_5=1 -DHAVE_GETPWUID_R=1 -DHAVE_GETPWNAM_R_5=1 -DHAVE_GETPWNAM_R=1 -DHAVE_GETGRGID_R_5=1 -DHAVE_GETGRGID_R=1 -DHAVE_GETGRNAM_R_5=1 -DHAVE_GETGRNAM_R=1 -DHAVE_DECL_GETHOSTBYNAME_R=1 -DHAVE_GETHOSTBYNAME_R_6=1 -DHAVE_GETHOSTBYNAME_R=1 -DHAVE_DECL_GETHOSTBYADDR_R=1 -DHAVE_GETHOSTBYADDR_R_8=1 -DHAVE_GETHOSTBYADDR_R=1 -DHAVE_TERMIOS_H=1 -DHAVE_SYS_IOCTL_H=1 -DHAVE_SYS_TIME_H=1 -DTIME_WITH_SYS_TIME=1 -DHAVE_GMTIME_R=1 -DHAVE_LOCALTIME_R=1 -DHAVE_MKTIME=1 -DHAVE_TM_GMTOFF=1 -DHAVE_TIMEZONE_VAR=1 -DHAVE_STRUCT_STAT_ST_BLOCKS=1 -DHAVE_STRUCT_STAT_ST_BLKSIZE=1 -DHAVE_BLKCNT_T=1 -DHAVE_INTPTR_T=1 -DHAVE_UINTPTR_T=1 -DHAVE_SIGNED_CHAR=1 -DHAVE_LANGINFO=1 -DHAVE_MKSTEMPS=1 -DHAVE_FTS=1 -DHAVE_SYS_IOCTL_H=1 -DTCL_UNLOAD_DLLS=1 -DHAVE_CPUID=1 '
TCL_EXTRA_CFLAGS=' -pipe '
TCL_LD_FLAGS=' -Wl,--export-dynamic '
TCL_LIBS='-ldl -lz  -lpthread -lm'
TCL_LIB_FILE='libtcl8.6.so'
TCL_LIB_FLAG='-ltcl8.6'
TCL_LIB_SPEC='-L/usr/local/src/mysql/tar/tcl8.6.10/unix -ltcl8.6'
TCL_MAJOR_VERSION='8'
TCL_MINOR_VERSION='6'
TCL_PATCH_LEVEL='.10'
TCL_SHLIB_LD_LIBS='${LIBS}'
TCL_SRC_DIR='/usr/local/src/mysql/tar/tcl8.6.10'
TCL_STUB_LIB_FILE='libtclstub8.6.a'
TCL_STUB_LIB_FLAG='-ltclstub8.6'
TCL_STUB_LIB_SPEC='-L/usr/local/src/mysql/tar/tcl8.6.10/unix -ltclstub8.6'
TCL_THREADS='1'
TCL_VERSION='8.6'
TDBC_LIB_FILE='libtdbc1.1.1.so'
TDBC_VERSION='1.1.1'
ac_ct_CC='gcc'
bindir='${exec_prefix}/bin'
build_alias=''
datadir='${datarootdir}'
datarootdir='${prefix}/share'
docdir='${datarootdir}/doc/${PACKAGE_TARNAME}'
dvidir='${docdir}'
exec_prefix='/usr/local/tcl'
host_alias=''
htmldir='${docdir}'
includedir='${prefix}/include'
infodir='${datarootdir}/info'
libdir='/usr/local/tcl/lib'
libexecdir='${exec_prefix}/libexec'
localedir='${datarootdir}/locale'
localstatedir='${prefix}/var'
mandir='${datarootdir}/man'
oldincludedir='/usr/include'
pdfdir='${docdir}'
prefix='/usr/local/tcl'
program_transform_name='s,x,x,'
psdir='${docdir}'
sbindir='${exec_prefix}/sbin'
sharedstatedir='${prefix}/com'
sysconfdir='${prefix}/etc'
target_alias=''
tdbc_BIN_DIR='/usr/local/src/mysql/tar/tcl8.6.10/unix/pkgs/tdbc1.1.1'
tdbc_LIBRARY_PATH='/usr/local/src/mysql/tar/tcl8.6.10/pkgs/tdbc1.1.1/library'
tdbc_LIB_FILE='libtdbc1.1.1.so'
tdbc_LIB_SPEC='-L/usr/local/src/mysql/tar/tcl8.6.10/unix/pkgs/tdbc1.1.1 -ltdbc1.1.1'
tdbc_SRC_DIR='/usr/local/src/mysql/tar/tcl8.6.10/pkgs/tdbc1.1.1'
tdbc_STUB_LIB_FILE='libtdbcstub1.1.1.a'
tdbc_STUB_LIB_PATH='/usr/local/src/mysql/tar/tcl8.6.10/unix/pkgs/tdbc1.1.1/libtdbcstub1.1.1.a'
tdbc_STUB_LIB_SPEC='-L/usr/local/src/mysql/tar/tcl8.6.10/unix/pkgs/tdbc1.1.1 -ltdbcstub1.1.1'
tdbc_VERSION='1.1.1'

## ----------- ##
## confdefs.h. ##
## ----------- ##

/* confdefs.h */
#define PACKAGE_NAME "tdbcsqlite3"
#define PACKAGE_TARNAME "tdbcsqlite3"
#define PACKAGE_VERSION "1.1.1"
#define PACKAGE_STRING "tdbcsqlite3 1.1.1"
#define PACKAGE_BUGREPORT ""
#define PACKAGE_URL ""
#define BUILD_tdbcsqlite3 /**/
#define USE_THREAD_ALLOC 1
#define _REENTRANT 1
#define _THREAD_SAFE 1
#define TCL_THREADS 1
#define HAVE_SYS_TYPES_H 1
#define HAVE_SYS_STAT_H 1
#define HAVE_STDLIB_H 1
#define HAVE_STRING_H 1
#define HAVE_MEMORY_H 1
#define HAVE_STRINGS_H 1
#define HAVE_INTTYPES_H 1
#define HAVE_STDINT_H 1
#define HAVE_UNISTD_H 1
#define MODULE_SCOPE extern __attribute__((__visibility__("hidden")))
#define HAVE_HIDDEN 1
#define HAVE_CAST_TO_UNION 1
#define HAVE_STDBOOL_H 1
#define _LARGEFILE64_SOURCE 1
#define TCL_WIDE_INT_IS_LONG 1

configure: exit 0
