This file contains any messages produced by compilers while
running configure, to aid debugging if configure makes a mistake.

It was created by itcl configure 4.2.0, which was
generated by GNU Autoconf 2.69.  Invocation command line was

  $ /usr/local/src/mysql/tar/tcl8.6.10/pkgs/itcl4.2.0/configure --with-tcl=../.. --with-tclinclude=/usr/local/src/mysql/tar/tcl8.6.10/generic --prefix=/usr/local/tcl --enable-shared --libdir=/usr/local/tcl/lib --enable-shared --enable-threads

## --------- ##
## Platform. ##
## --------- ##

hostname = localhost.localdomain
uname -m = x86_64
uname -r = 3.10.0-693.el7.x86_64
uname -s = Linux
uname -v = #1 SMP Tue Aug 22 21:09:27 UTC 2017

/usr/bin/uname -p = x86_64
/bin/uname -X     = unknown

/bin/arch              = x86_64
/usr/bin/arch -k       = unknown
/usr/convex/getsysinfo = unknown
/usr/bin/hostinfo      = unknown
/bin/machine           = unknown
/usr/bin/oslevel       = unknown
/bin/universe          = unknown

PATH: /usr/local/sbin
PATH: /usr/local/bin
PATH: /usr/sbin
PATH: /usr/bin
PATH: /usr/local/mysql/bin
PATH: /usr/local/expect/bin
PATH: /root/bin


## ----------- ##
## Core tests. ##
## ----------- ##

configure:2246: checking TEA configuration
configure:2252: result: ok (TEA 3.13)
configure:2333: configuring itcl 4.2.0
configure:2363: checking system version
configure:2389: result: Linux-3.10.0-693.el7.x86_64
configure:2414: checking whether ln -s works
configure:2418: result: yes
configure:2489: checking for Tcl configuration
configure:2621: result: found /usr/local/src/mysql/tar/tcl8.6.10/unix/tclConfig.sh
configure:2674: checking for gcc
configure:2690: found /usr/bin/gcc
configure:2701: result: gcc
configure:2930: checking for C compiler version
configure:2939: gcc --version >&5
gcc (GCC) 4.8.5 20150623 (Red Hat 4.8.5-39)
Copyright (C) 2015 Free Software Foundation, Inc.
This is free software; see the source for copying conditions.  There is NO
warranty; not even for MERCHANTABILITY or FITNESS FOR A PARTICULAR PURPOSE.

configure:2950: $? = 0
configure:2939: gcc -v >&5
Using built-in specs.
COLLECT_GCC=gcc
COLLECT_LTO_WRAPPER=/usr/libexec/gcc/x86_64-redhat-linux/4.8.5/lto-wrapper
Target: x86_64-redhat-linux
Configured with: ../configure --prefix=/usr --mandir=/usr/share/man --infodir=/usr/share/info --with-bugurl=http://bugzilla.redhat.com/bugzilla --enable-bootstrap --enable-shared --enable-threads=posix --enable-checking=release --with-system-zlib --enable-__cxa_atexit --disable-libunwind-exceptions --enable-gnu-unique-object --enable-linker-build-id --with-linker-hash-style=gnu --enable-languages=c,c++,objc,obj-c++,java,fortran,ada,go,lto --enable-plugin --enable-initfini-array --disable-libgcj --with-isl=/builddir/build/BUILD/gcc-4.8.5-20150702/obj-x86_64-redhat-linux/isl-install --with-cloog=/builddir/build/BUILD/gcc-4.8.5-20150702/obj-x86_64-redhat-linux/cloog-install --enable-gnu-indirect-function --with-tune=generic --with-arch_32=x86-64 --build=x86_64-redhat-linux
Thread model: posix
gcc version 4.8.5 20150623 (Red Hat 4.8.5-39) (GCC) 
configure:2950: $? = 0
configure:2939: gcc -V >&5
gcc: error: unrecognized command line option '-V'
gcc: fatal error: no input files
compilation terminated.
configure:2950: $? = 4
configure:2939: gcc -qversion >&5
gcc: error: unrecognized command line option '-qversion'
gcc: fatal error: no input files
compilation terminated.
configure:2950: $? = 4
configure:2970: checking whether the C compiler works
configure:2992: gcc    conftest.c  >&5
configure:2996: $? = 0
configure:3044: result: yes
configure:3047: checking for C compiler default output file name
configure:3049: result: a.out
configure:3055: checking for suffix of executables
configure:3062: gcc -o conftest    conftest.c  >&5
configure:3066: $? = 0
configure:3088: result: 
configure:3110: checking whether we are cross compiling
configure:3118: gcc -o conftest    conftest.c  >&5
configure:3122: $? = 0
configure:3129: ./conftest
configure:3133: $? = 0
configure:3148: result: no
configure:3153: checking for suffix of object files
configure:3175: gcc -c   conftest.c >&5
configure:3179: $? = 0
configure:3200: result: o
configure:3204: checking whether we are using the GNU C compiler
configure:3223: gcc -c   conftest.c >&5
configure:3223: $? = 0
configure:3232: result: yes
configure:3241: checking whether gcc accepts -g
configure:3261: gcc -c -g  conftest.c >&5
configure:3261: $? = 0
configure:3302: result: yes
configure:3319: checking for gcc option to accept ISO C89
configure:3382: gcc  -c   conftest.c >&5
configure:3382: $? = 0
configure:3395: result: none needed
configure:3417: checking for existence of /usr/local/src/mysql/tar/tcl8.6.10/unix/tclConfig.sh
configure:3421: result: loading
configure:3485: checking platform
configure:3503: gcc -c   conftest.c >&5
configure:3503: $? = 0
configure:3554: result: unix
configure:3622: --exec-prefix defaulting to TCL_EXEC_PREFIX /usr/local/tcl
configure:3692: checking for gcc
configure:3719: result: gcc
configure:3948: checking for C compiler version
configure:3957: gcc --version >&5
gcc (GCC) 4.8.5 20150623 (Red Hat 4.8.5-39)
Copyright (C) 2015 Free Software Foundation, Inc.
This is free software; see the source for copying conditions.  There is NO
warranty; not even for MERCHANTABILITY or FITNESS FOR A PARTICULAR PURPOSE.

configure:3968: $? = 0
configure:3957: gcc -v >&5
Using built-in specs.
COLLECT_GCC=gcc
COLLECT_LTO_WRAPPER=/usr/libexec/gcc/x86_64-redhat-linux/4.8.5/lto-wrapper
Target: x86_64-redhat-linux
Configured with: ../configure --prefix=/usr --mandir=/usr/share/man --infodir=/usr/share/info --with-bugurl=http://bugzilla.redhat.com/bugzilla --enable-bootstrap --enable-shared --enable-threads=posix --enable-checking=release --with-system-zlib --enable-__cxa_atexit --disable-libunwind-exceptions --enable-gnu-unique-object --enable-linker-build-id --with-linker-hash-style=gnu --enable-languages=c,c++,objc,obj-c++,java,fortran,ada,go,lto --enable-plugin --enable-initfini-array --disable-libgcj --with-isl=/builddir/build/BUILD/gcc-4.8.5-20150702/obj-x86_64-redhat-linux/isl-install --with-cloog=/builddir/build/BUILD/gcc-4.8.5-20150702/obj-x86_64-redhat-linux/cloog-install --enable-gnu-indirect-function --with-tune=generic --with-arch_32=x86-64 --build=x86_64-redhat-linux
Thread model: posix
gcc version 4.8.5 20150623 (Red Hat 4.8.5-39) (GCC) 
configure:3968: $? = 0
configure:3957: gcc -V >&5
gcc: error: unrecognized command line option '-V'
gcc: fatal error: no input files
compilation terminated.
configure:3968: $? = 4
configure:3957: gcc -qversion >&5
gcc: error: unrecognized command line option '-qversion'
gcc: fatal error: no input files
compilation terminated.
configure:3968: $? = 4
configure:3972: checking whether we are using the GNU C compiler
configure:4000: result: yes
configure:4009: checking whether gcc accepts -g
configure:4070: result: yes
configure:4087: checking for gcc option to accept ISO C89
configure:4163: result: none needed
configure:4188: checking how to run the C preprocessor
configure:4219: gcc -E  conftest.c
configure:4219: $? = 0
configure:4233: gcc -E  conftest.c
conftest.c:10:28: fatal error: ac_nonexistent.h: No such file or directory
 #include <ac_nonexistent.h>
                            ^
compilation terminated.
configure:4233: $? = 1
configure: failed program was:
| /* confdefs.h */
| #define PACKAGE_NAME "itcl"
| #define PACKAGE_TARNAME "itcl"
| #define PACKAGE_VERSION "4.2.0"
| #define PACKAGE_STRING "itcl 4.2.0"
| #define PACKAGE_BUGREPORT ""
| #define PACKAGE_URL ""
| #define BUILD_itcl /**/
| /* end confdefs.h.  */
| #include <ac_nonexistent.h>
configure:4258: result: gcc -E
configure:4278: gcc -E  conftest.c
configure:4278: $? = 0
configure:4292: gcc -E  conftest.c
conftest.c:10:28: fatal error: ac_nonexistent.h: No such file or directory
 #include <ac_nonexistent.h>
                            ^
compilation terminated.
configure:4292: $? = 1
configure: failed program was:
| /* confdefs.h */
| #define PACKAGE_NAME "itcl"
| #define PACKAGE_TARNAME "itcl"
| #define PACKAGE_VERSION "4.2.0"
| #define PACKAGE_STRING "itcl 4.2.0"
| #define PACKAGE_BUGREPORT ""
| #define PACKAGE_URL ""
| #define BUILD_itcl /**/
| /* end confdefs.h.  */
| #include <ac_nonexistent.h>
configure:4325: checking whether make sets $(MAKE)
configure:4347: result: yes
configure:4404: checking for ranlib
configure:4420: found /usr/bin/ranlib
configure:4431: result: ranlib
configure:4462: checking for grep that handles long lines and -e
configure:4520: result: /usr/bin/grep
configure:4525: checking for egrep
configure:4587: result: /usr/bin/grep -E
configure:4592: checking for ANSI C header files
configure:4612: gcc -c   conftest.c >&5
configure:4612: $? = 0
configure:4685: gcc -o conftest    conftest.c  >&5
configure:4685: $? = 0
configure:4685: ./conftest
configure:4685: $? = 0
configure:4696: result: yes
configure:4709: checking for sys/types.h
configure:4709: gcc -c   conftest.c >&5
configure:4709: $? = 0
configure:4709: result: yes
configure:4709: checking for sys/stat.h
configure:4709: gcc -c   conftest.c >&5
configure:4709: $? = 0
configure:4709: result: yes
configure:4709: checking for stdlib.h
configure:4709: gcc -c   conftest.c >&5
configure:4709: $? = 0
configure:4709: result: yes
configure:4709: checking for string.h
configure:4709: gcc -c   conftest.c >&5
configure:4709: $? = 0
configure:4709: result: yes
configure:4709: checking for memory.h
configure:4709: gcc -c   conftest.c >&5
configure:4709: $? = 0
configure:4709: result: yes
configure:4709: checking for strings.h
configure:4709: gcc -c   conftest.c >&5
configure:4709: $? = 0
configure:4709: result: yes
configure:4709: checking for inttypes.h
configure:4709: gcc -c   conftest.c >&5
configure:4709: $? = 0
configure:4709: result: yes
configure:4709: checking for stdint.h
configure:4709: gcc -c   conftest.c >&5
configure:4709: $? = 0
configure:4709: result: yes
configure:4709: checking for unistd.h
configure:4709: gcc -c   conftest.c >&5
configure:4709: $? = 0
configure:4709: result: yes
configure:4731: checking if the compiler understands -pipe
configure:4749: gcc -c  -pipe  conftest.c >&5
configure:4749: $? = 0
configure:4757: result: yes
configure:4768: checking whether byte ordering is bigendian
configure:4783: gcc -c  -pipe  conftest.c >&5
conftest.c:21:9: error: unknown type name 'not'
         not a universal capable compiler
         ^
conftest.c:21:15: error: expected '=', ',', ';', 'asm' or '__attribute__' before 'universal'
         not a universal capable compiler
               ^
conftest.c:21:15: error: unknown type name 'universal'
configure:4783: $? = 1
configure: failed program was:
| /* confdefs.h */
| #define PACKAGE_NAME "itcl"
| #define PACKAGE_TARNAME "itcl"
| #define PACKAGE_VERSION "4.2.0"
| #define PACKAGE_STRING "itcl 4.2.0"
| #define PACKAGE_BUGREPORT ""
| #define PACKAGE_URL ""
| #define BUILD_itcl /**/
| #define STDC_HEADERS 1
| #define HAVE_SYS_TYPES_H 1
| #define HAVE_SYS_STAT_H 1
| #define HAVE_STDLIB_H 1
| #define HAVE_STRING_H 1
| #define HAVE_MEMORY_H 1
| #define HAVE_STRINGS_H 1
| #define HAVE_INTTYPES_H 1
| #define HAVE_STDINT_H 1
| #define HAVE_UNISTD_H 1
| /* end confdefs.h.  */
| #ifndef __APPLE_CC__
| 	       not a universal capable compiler
| 	     #endif
| 	     typedef int dummy;
| 
configure:4828: gcc -c  -pipe  conftest.c >&5
configure:4828: $? = 0
configure:4846: gcc -c  -pipe  conftest.c >&5
conftest.c: In function 'main':
conftest.c:27:4: error: unknown type name 'not'
    not big endian
    ^
conftest.c:27:12: error: expected '=', ',', ';', 'asm' or '__attribute__' before 'endian'
    not big endian
            ^
configure:4846: $? = 1
configure: failed program was:
| /* confdefs.h */
| #define PACKAGE_NAME "itcl"
| #define PACKAGE_TARNAME "itcl"
| #define PACKAGE_VERSION "4.2.0"
| #define PACKAGE_STRING "itcl 4.2.0"
| #define PACKAGE_BUGREPORT ""
| #define PACKAGE_URL ""
| #define BUILD_itcl /**/
| #define STDC_HEADERS 1
| #define HAVE_SYS_TYPES_H 1
| #define HAVE_SYS_STAT_H 1
| #define HAVE_STDLIB_H 1
| #define HAVE_STRING_H 1
| #define HAVE_MEMORY_H 1
| #define HAVE_STRINGS_H 1
| #define HAVE_INTTYPES_H 1
| #define HAVE_STDINT_H 1
| #define HAVE_UNISTD_H 1
| /* end confdefs.h.  */
| #include <sys/types.h>
| 		#include <sys/param.h>
| 
| int
| main ()
| {
| #if BYTE_ORDER != BIG_ENDIAN
| 		 not big endian
| 		#endif
| 
|   ;
|   return 0;
| }
configure:4974: result: no
configure:5207: checking for Tcl public headers
configure:5278: result: /usr/local/src/mysql/tar/tcl8.6.10/generic
configure:5293: checking for Tcl private include files
configure:5345: result: Using srcdir found in tclConfig.sh: /usr/local/src/mysql/tar/tcl8.6.10
configure:5396: checking for pthread_mutex_init in -lpthread
configure:5421: gcc -o conftest  -pipe   conftest.c -lpthread   >&5
configure:5421: $? = 0
configure:5430: result: yes
configure:5639: checking for building with threads
configure:5645: result: yes (default)
configure:5674: checking how to build libraries
configure:5708: result: shared
configure:5792: checking for ranlib
configure:5819: result: ranlib
configure:5846: checking if 64bit support is requested
configure:5855: result: no
configure:5860: checking if 64bit Sparc VIS support is requested
configure:5869: result: no
configure:5879: checking if compiler supports visibility "hidden"
configure:5899: gcc -o conftest  -pipe -Werror   conftest.c  >&5
configure:5899: $? = 0
configure:5908: result: yes
configure:5923: checking if rpath support is requested
configure:5932: result: yes
configure:5939: checking system version
configure:5965: result: Linux-3.10.0-693.el7.x86_64
configure:6045: checking for ar
configure:6061: found /usr/bin/ar
configure:6072: result: ar
configure:7740: checking for cast to union support
configure:7759: gcc -c  -pipe  conftest.c >&5
configure:7759: $? = 0
configure:7767: result: yes
configure:7775: checking stdbool.h usability
configure:7775: gcc -c  -pipe  conftest.c >&5
configure:7775: $? = 0
configure:7775: result: yes
configure:7775: checking stdbool.h presence
configure:7775: gcc -E  conftest.c
configure:7775: $? = 0
configure:7775: result: yes
configure:7775: checking for stdbool.h
configure:7775: result: yes
configure:7799: checking for required early compiler flags
configure:7817: gcc -c  -pipe  conftest.c >&5
configure:7817: $? = 0
configure:7864: gcc -c  -pipe  conftest.c >&5
conftest.c: In function 'main':
conftest.c:34:15: error: storage size of 'buf' isn't known
 struct stat64 buf; int i = stat64("/", &buf);
               ^
configure:7864: $? = 1
configure: failed program was:
| /* confdefs.h */
| #define PACKAGE_NAME "itcl"
| #define PACKAGE_TARNAME "itcl"
| #define PACKAGE_VERSION "4.2.0"
| #define PACKAGE_STRING "itcl 4.2.0"
| #define PACKAGE_BUGREPORT ""
| #define PACKAGE_URL ""
| #define BUILD_itcl /**/
| #define STDC_HEADERS 1
| #define HAVE_SYS_TYPES_H 1
| #define HAVE_SYS_STAT_H 1
| #define HAVE_STDLIB_H 1
| #define HAVE_STRING_H 1
| #define HAVE_MEMORY_H 1
| #define HAVE_STRINGS_H 1
| #define HAVE_INTTYPES_H 1
| #define HAVE_STDINT_H 1
| #define HAVE_UNISTD_H 1
| #define USE_THREAD_ALLOC 1
| #define _REENTRANT 1
| #define _THREAD_SAFE 1
| #define TCL_THREADS 1
| #define USE_TCL_STUBS 1
| #define USE_TCLOO_STUBS 1
| #define MODULE_SCOPE extern __attribute__((__visibility__("hidden")))
| #define HAVE_HIDDEN 1
| #define HAVE_CAST_TO_UNION 1
| #define HAVE_STDBOOL_H 1
| /* end confdefs.h.  */
| #include <sys/stat.h>
| int
| main ()
| {
| struct stat64 buf; int i = stat64("/", &buf);
|   ;
|   return 0;
| }
configure:7879: gcc -c  -pipe  conftest.c >&5
configure:7879: $? = 0
configure:7911: gcc -c  -pipe  conftest.c >&5
conftest.c: In function 'main':
conftest.c:35:19: error: 'open64' undeclared (first use in this function)
 char *p = (char *)open64;
                   ^
conftest.c:35:19: note: each undeclared identifier is reported only once for each function it appears in
configure:7911: $? = 1
configure: failed program was:
| /* confdefs.h */
| #define PACKAGE_NAME "itcl"
| #define PACKAGE_TARNAME "itcl"
| #define PACKAGE_VERSION "4.2.0"
| #define PACKAGE_STRING "itcl 4.2.0"
| #define PACKAGE_BUGREPORT ""
| #define PACKAGE_URL ""
| #define BUILD_itcl /**/
| #define STDC_HEADERS 1
| #define HAVE_SYS_TYPES_H 1
| #define HAVE_SYS_STAT_H 1
| #define HAVE_STDLIB_H 1
| #define HAVE_STRING_H 1
| #define HAVE_MEMORY_H 1
| #define HAVE_STRINGS_H 1
| #define HAVE_INTTYPES_H 1
| #define HAVE_STDINT_H 1
| #define HAVE_UNISTD_H 1
| #define USE_THREAD_ALLOC 1
| #define _REENTRANT 1
| #define _THREAD_SAFE 1
| #define TCL_THREADS 1
| #define USE_TCL_STUBS 1
| #define USE_TCLOO_STUBS 1
| #define MODULE_SCOPE extern __attribute__((__visibility__("hidden")))
| #define HAVE_HIDDEN 1
| #define HAVE_CAST_TO_UNION 1
| #define HAVE_STDBOOL_H 1
| #define _LARGEFILE64_SOURCE 1
| /* end confdefs.h.  */
| #include <sys/stat.h>
| int
| main ()
| {
| char *p = (char *)open64;
|   ;
|   return 0;
| }
configure:7926: gcc -c  -pipe  conftest.c >&5
conftest.c: In function 'main':
conftest.c:36:19: error: 'open64' undeclared (first use in this function)
 char *p = (char *)open64;
                   ^
conftest.c:36:19: note: each undeclared identifier is reported only once for each function it appears in
configure:7926: $? = 1
configure: failed program was:
| /* confdefs.h */
| #define PACKAGE_NAME "itcl"
| #define PACKAGE_TARNAME "itcl"
| #define PACKAGE_VERSION "4.2.0"
| #define PACKAGE_STRING "itcl 4.2.0"
| #define PACKAGE_BUGREPORT ""
| #define PACKAGE_URL ""
| #define BUILD_itcl /**/
| #define STDC_HEADERS 1
| #define HAVE_SYS_TYPES_H 1
| #define HAVE_SYS_STAT_H 1
| #define HAVE_STDLIB_H 1
| #define HAVE_STRING_H 1
| #define HAVE_MEMORY_H 1
| #define HAVE_STRINGS_H 1
| #define HAVE_INTTYPES_H 1
| #define HAVE_STDINT_H 1
| #define HAVE_UNISTD_H 1
| #define USE_THREAD_ALLOC 1
| #define _REENTRANT 1
| #define _THREAD_SAFE 1
| #define TCL_THREADS 1
| #define USE_TCL_STUBS 1
| #define USE_TCLOO_STUBS 1
| #define MODULE_SCOPE extern __attribute__((__visibility__("hidden")))
| #define HAVE_HIDDEN 1
| #define HAVE_CAST_TO_UNION 1
| #define HAVE_STDBOOL_H 1
| #define _LARGEFILE64_SOURCE 1
| /* end confdefs.h.  */
| #define _LARGEFILE_SOURCE64 1
| #include <sys/stat.h>
| int
| main ()
| {
| char *p = (char *)open64;
|   ;
|   return 0;
| }
configure:7947: result:  _LARGEFILE64_SOURCE
configure:7952: checking for 64-bit integer type
configure:7971: gcc -c  -pipe  conftest.c >&5
conftest.c: In function 'main':
conftest.c:35:1: error: unknown type name '__int64'
 __int64 value = (__int64) 0;
 ^
conftest.c:35:18: error: '__int64' undeclared (first use in this function)
 __int64 value = (__int64) 0;
                  ^
conftest.c:35:18: note: each undeclared identifier is reported only once for each function it appears in
conftest.c:35:27: error: expected ',' or ';' before numeric constant
 __int64 value = (__int64) 0;
                           ^
configure:7971: $? = 1
configure: failed program was:
| /* confdefs.h */
| #define PACKAGE_NAME "itcl"
| #define PACKAGE_TARNAME "itcl"
| #define PACKAGE_VERSION "4.2.0"
| #define PACKAGE_STRING "itcl 4.2.0"
| #define PACKAGE_BUGREPORT ""
| #define PACKAGE_URL ""
| #define BUILD_itcl /**/
| #define STDC_HEADERS 1
| #define HAVE_SYS_TYPES_H 1
| #define HAVE_SYS_STAT_H 1
| #define HAVE_STDLIB_H 1
| #define HAVE_STRING_H 1
| #define HAVE_MEMORY_H 1
| #define HAVE_STRINGS_H 1
| #define HAVE_INTTYPES_H 1
| #define HAVE_STDINT_H 1
| #define HAVE_UNISTD_H 1
| #define USE_THREAD_ALLOC 1
| #define _REENTRANT 1
| #define _THREAD_SAFE 1
| #define TCL_THREADS 1
| #define USE_TCL_STUBS 1
| #define USE_TCLOO_STUBS 1
| #define MODULE_SCOPE extern __attribute__((__visibility__("hidden")))
| #define HAVE_HIDDEN 1
| #define HAVE_CAST_TO_UNION 1
| #define HAVE_STDBOOL_H 1
| #define _LARGEFILE64_SOURCE 1
| /* end confdefs.h.  */
| 
| int
| main ()
| {
| __int64 value = (__int64) 0;
|   ;
|   return 0;
| }
configure:7993: gcc -c  -pipe  conftest.c >&5
conftest.c: In function 'main':
conftest.c:36:21: error: duplicate case value
             case 1: case (sizeof(long long)==sizeof(long)): ;
                     ^
conftest.c:36:13: error: previously used here
             case 1: case (sizeof(long long)==sizeof(long)): ;
             ^
configure:7993: $? = 1
configure: failed program was:
| /* confdefs.h */
| #define PACKAGE_NAME "itcl"
| #define PACKAGE_TARNAME "itcl"
| #define PACKAGE_VERSION "4.2.0"
| #define PACKAGE_STRING "itcl 4.2.0"
| #define PACKAGE_BUGREPORT ""
| #define PACKAGE_URL ""
| #define BUILD_itcl /**/
| #define STDC_HEADERS 1
| #define HAVE_SYS_TYPES_H 1
| #define HAVE_SYS_STAT_H 1
| #define HAVE_STDLIB_H 1
| #define HAVE_STRING_H 1
| #define HAVE_MEMORY_H 1
| #define HAVE_STRINGS_H 1
| #define HAVE_INTTYPES_H 1
| #define HAVE_STDINT_H 1
| #define HAVE_UNISTD_H 1
| #define USE_THREAD_ALLOC 1
| #define _REENTRANT 1
| #define _THREAD_SAFE 1
| #define TCL_THREADS 1
| #define USE_TCL_STUBS 1
| #define USE_TCLOO_STUBS 1
| #define MODULE_SCOPE extern __attribute__((__visibility__("hidden")))
| #define HAVE_HIDDEN 1
| #define HAVE_CAST_TO_UNION 1
| #define HAVE_STDBOOL_H 1
| #define _LARGEFILE64_SOURCE 1
| /* end confdefs.h.  */
| 
| int
| main ()
| {
| switch (0) {
|             case 1: case (sizeof(long long)==sizeof(long)): ;
|         }
|   ;
|   return 0;
| }
configure:8003: result: yes
configure:8181: checking for build with symbols
configure:8194: result: no
configure:8233: checking for intptr_t
configure:8233: gcc -c  -pipe  conftest.c >&5
configure:8233: $? = 0
configure:8233: gcc -c  -pipe  conftest.c >&5
conftest.c: In function 'main':
conftest.c:68:23: error: expected expression before ')' token
 if (sizeof ((intptr_t)))
                       ^
configure:8233: $? = 1
configure: failed program was:
| /* confdefs.h */
| #define PACKAGE_NAME "itcl"
| #define PACKAGE_TARNAME "itcl"
| #define PACKAGE_VERSION "4.2.0"
| #define PACKAGE_STRING "itcl 4.2.0"
| #define PACKAGE_BUGREPORT ""
| #define PACKAGE_URL ""
| #define BUILD_itcl /**/
| #define STDC_HEADERS 1
| #define HAVE_SYS_TYPES_H 1
| #define HAVE_SYS_STAT_H 1
| #define HAVE_STDLIB_H 1
| #define HAVE_STRING_H 1
| #define HAVE_MEMORY_H 1
| #define HAVE_STRINGS_H 1
| #define HAVE_INTTYPES_H 1
| #define HAVE_STDINT_H 1
| #define HAVE_UNISTD_H 1
| #define USE_THREAD_ALLOC 1
| #define _REENTRANT 1
| #define _THREAD_SAFE 1
| #define TCL_THREADS 1
| #define USE_TCL_STUBS 1
| #define USE_TCLOO_STUBS 1
| #define MODULE_SCOPE extern __attribute__((__visibility__("hidden")))
| #define HAVE_HIDDEN 1
| #define HAVE_CAST_TO_UNION 1
| #define HAVE_STDBOOL_H 1
| #define _LARGEFILE64_SOURCE 1
| #define TCL_WIDE_INT_IS_LONG 1
| /* end confdefs.h.  */
| #include <stdio.h>
| #ifdef HAVE_SYS_TYPES_H
| # include <sys/types.h>
| #endif
| #ifdef HAVE_SYS_STAT_H
| # include <sys/stat.h>
| #endif
| #ifdef STDC_HEADERS
| # include <stdlib.h>
| # include <stddef.h>
| #else
| # ifdef HAVE_STDLIB_H
| #  include <stdlib.h>
| # endif
| #endif
| #ifdef HAVE_STRING_H
| # if !defined STDC_HEADERS && defined HAVE_MEMORY_H
| #  include <memory.h>
| # endif
| # include <string.h>
| #endif
| #ifdef HAVE_STRINGS_H
| # include <strings.h>
| #endif
| #ifdef HAVE_INTTYPES_H
| # include <inttypes.h>
| #endif
| #ifdef HAVE_STDINT_H
| # include <stdint.h>
| #endif
| #ifdef HAVE_UNISTD_H
| # include <unistd.h>
| #endif
| int
| main ()
| {
| if (sizeof ((intptr_t)))
| 	    return 0;
|   ;
|   return 0;
| }
configure:8233: result: yes
configure:8403: checking for tclsh
configure:8438: result: /usr/local/src/mysql/tar/tcl8.6.10/unix/tclsh
configure:8649: creating ./config.status

## ---------------------- ##
## Running config.status. ##
## ---------------------- ##

This file was extended by itcl config.status 4.2.0, which was
generated by GNU Autoconf 2.69.  Invocation command line was

  CONFIG_FILES    = 
  CONFIG_HEADERS  = 
  CONFIG_LINKS    = 
  CONFIG_COMMANDS = 
  $ ./config.status 

on localhost.localdomain

config.status:817: creating Makefile
config.status:817: creating pkgIndex.tcl
config.status:817: creating itclConfig.sh

## ---------------- ##
## Cache variables. ##
## ---------------- ##

ac_cv_c_bigendian=no
ac_cv_c_compiler_gnu=yes
ac_cv_c_tclconfig=/usr/local/src/mysql/tar/tcl8.6.10/unix
ac_cv_c_tclh=/usr/local/src/mysql/tar/tcl8.6.10/generic
ac_cv_env_CC_set=
ac_cv_env_CC_value=
ac_cv_env_CFLAGS_set=
ac_cv_env_CFLAGS_value=
ac_cv_env_CPPFLAGS_set=
ac_cv_env_CPPFLAGS_value=
ac_cv_env_CPP_set=
ac_cv_env_CPP_value=
ac_cv_env_LDFLAGS_set=
ac_cv_env_LDFLAGS_value=
ac_cv_env_LIBS_set=
ac_cv_env_LIBS_value=
ac_cv_env_build_alias_set=
ac_cv_env_build_alias_value=
ac_cv_env_host_alias_set=
ac_cv_env_host_alias_value=
ac_cv_env_target_alias_set=
ac_cv_env_target_alias_value=
ac_cv_header_inttypes_h=yes
ac_cv_header_memory_h=yes
ac_cv_header_stdbool_h=yes
ac_cv_header_stdc=yes
ac_cv_header_stdint_h=yes
ac_cv_header_stdlib_h=yes
ac_cv_header_string_h=yes
ac_cv_header_strings_h=yes
ac_cv_header_sys_stat_h=yes
ac_cv_header_sys_types_h=yes
ac_cv_header_unistd_h=yes
ac_cv_lib_pthread_pthread_mutex_init=yes
ac_cv_objext=o
ac_cv_path_EGREP='/usr/bin/grep -E'
ac_cv_path_GREP=/usr/bin/grep
ac_cv_prog_CPP='gcc -E'
ac_cv_prog_ac_ct_AR=ar
ac_cv_prog_ac_ct_CC=gcc
ac_cv_prog_ac_ct_RANLIB=ranlib
ac_cv_prog_cc_c89=
ac_cv_prog_cc_g=yes
ac_cv_prog_make_make_set=yes
ac_cv_type_intptr_t=yes
tcl_cv_cast_to_union=yes
tcl_cv_cc_pipe=yes
tcl_cv_cc_visibility_hidden=yes
tcl_cv_flag__isoc99_source=no
tcl_cv_flag__largefile64_source=yes
tcl_cv_flag__largefile_source64=no
tcl_cv_sys_version=Linux-3.10.0-693.el7.x86_64
tcl_cv_type_64bit=none

## ----------------- ##
## Output variables. ##
## ----------------- ##

AR='ar'
CC='gcc'
CFLAGS=' -pipe ${CFLAGS_DEFAULT} ${CFLAGS_WARNING} ${SHLIB_CFLAGS} '
CFLAGS_DEBUG='-g'
CFLAGS_DEFAULT='-O2 -fomit-frame-pointer -DNDEBUG'
CFLAGS_OPTIMIZE='-O2 -fomit-frame-pointer'
CFLAGS_WARNING='-Wall'
CLEANFILES=''
CONFIG_CLEAN_FILES=''
CPP='gcc -E'
CPPFLAGS=''
CYGPATH='echo'
DEFS='-DPACKAGE_NAME=\"itcl\" -DPACKAGE_TARNAME=\"itcl\" -DPACKAGE_VERSION=\"4.2.0\" -DPACKAGE_STRING=\"itcl\ 4.2.0\" -DPACKAGE_BUGREPORT=\"\" -DPACKAGE_URL=\"\" -DBUILD_itcl=/\*\*/ -DSTDC_HEADERS=1 -DHAVE_SYS_TYPES_H=1 -DHAVE_SYS_STAT_H=1 -DHAVE_STDLIB_H=1 -DHAVE_STRING_H=1 -DHAVE_MEMORY_H=1 -DHAVE_STRINGS_H=1 -DHAVE_INTTYPES_H=1 -DHAVE_STDINT_H=1 -DHAVE_UNISTD_H=1 -DUSE_THREAD_ALLOC=1 -D_REENTRANT=1 -D_THREAD_SAFE=1 -DTCL_THREADS=1 -DUSE_TCL_STUBS=1 -DUSE_TCLOO_STUBS=1 -DMODULE_SCOPE=extern\ __attribute__\(\(__visibility__\(\"hidden\"\)\)\) -DHAVE_HIDDEN=1 -DHAVE_CAST_TO_UNION=1 -DHAVE_STDBOOL_H=1 -D_LARGEFILE64_SOURCE=1 -DTCL_WIDE_INT_IS_LONG=1 -DHAVE_INTPTR_T=1'
ECHO_C=''
ECHO_N='-n'
ECHO_T=''
EGREP='/usr/bin/grep -E'
EXEEXT=''
GREP='/usr/bin/grep'
INSTALL='$(SHELL) $(srcdir)/tclconfig/install-sh -c'
INSTALL_DATA='${INSTALL} -m 644'
INSTALL_DATA_DIR='${INSTALL} -d -m 755'
INSTALL_LIBRARY='${INSTALL} -m 644'
INSTALL_PROGRAM='${INSTALL} -m 755'
INSTALL_SCRIPT='${INSTALL} -m 755'
LDFLAGS=' -Wl,--export-dynamic '
LDFLAGS_DEFAULT=' -Wl,--export-dynamic '
LD_LIBRARY_PATH_VAR='LD_LIBRARY_PATH'
LIBOBJS=''
LIBS=''
LN_S='ln -s'
LTLIBOBJS=''
MAJOR_VERSION=''
MAKE_LIB='${SHLIB_LD} -o $@ $(PKG_OBJECTS) ${SHLIB_LD_LIBS} '
MAKE_SHARED_LIB='${SHLIB_LD} -o $@ $(PKG_OBJECTS) ${SHLIB_LD_LIBS}'
MAKE_STATIC_LIB='${STLIB_LD} $@ $(PKG_OBJECTS)'
MAKE_STUB_LIB='${STLIB_LD} $@ $(PKG_STUB_OBJECTS)'
MINOR_VERSION=''
OBJEXT='o'
PACKAGE_BUGREPORT=''
PACKAGE_NAME='itcl'
PACKAGE_STRING='itcl 4.2.0'
PACKAGE_TARNAME='itcl'
PACKAGE_URL=''
PACKAGE_VERSION='4.2.0'
PATCHLEVEL=''
PATH_SEPARATOR=':'
PKG_CFLAGS=' '
PKG_HEADERS=' generic/itcl.h generic/itclDecls.h generic/itclInt.h generic/itclMigrate2TclCore.h generic/itclTclIntStubsFcn.h generic/itcl2TclOO.h generic/itclIntDecls.h'
PKG_INCLUDES=' -I. -I"/usr/local/src/mysql/tar/tcl8.6.10/pkgs/itcl4.2.0/generic"'
PKG_LIBS=''
PKG_LIB_FILE='libitcl4.2.0.so'
PKG_OBJECTS=' itcl2TclOO.o itclBase.o itclBuiltin.o itclClass.o itclCmd.o itclEnsemble.o itclHelpers.o itclInfo.o itclLinkage.o itclMethod.o itclObject.o itclParse.o itclStubs.o itclStubInit.o itclResolve.o itclTclIntStubsFcn.o itclUtil.o itclMigrate2TclCore.o itclTestRegisterC.o'
PKG_SOURCES=' itcl2TclOO.c itclBase.c itclBuiltin.c itclClass.c itclCmd.c itclEnsemble.c itclHelpers.c itclInfo.c itclLinkage.c itclMethod.c itclObject.c itclParse.c itclStubs.c itclStubInit.c itclResolve.c itclTclIntStubsFcn.c itclUtil.c itclMigrate2TclCore.c itclTestRegisterC.c'
PKG_STUB_LIB_FILE='libitclstub4.2.0.a'
PKG_STUB_OBJECTS=' itclStubLib.o'
PKG_STUB_SOURCES=' itclStubLib.c'
PKG_TCL_SOURCES=' library/itcl.tcl library/itclWidget.tcl library/itclHullCmds.tcl'
RANLIB=':'
RANLIB_STUB='ranlib'
RC=''
SET_MAKE=''
SHARED_BUILD='1'
SHELL='/bin/sh'
SHLIB_CFLAGS='-fPIC'
SHLIB_LD='${CC} ${CFLAGS} ${LDFLAGS_DEFAULT} -shared'
SHLIB_LD_LIBS='${LIBS} -L/usr/local/src/mysql/tar/tcl8.6.10/unix -ltclstub8.6'
STLIB_LD='${AR} cr'
STUBS_BUILD='1'
TCLSH_PROG='/usr/local/src/mysql/tar/tcl8.6.10/unix/tclsh'
TCL_BIN_DIR='/usr/local/src/mysql/tar/tcl8.6.10/unix'
TCL_DBGX=''
TCL_DEFS='-DPACKAGE_NAME=\"tcl\" -DPACKAGE_TARNAME=\"tcl\" -DPACKAGE_VERSION=\"8.6\" -DPACKAGE_STRING=\"tcl\ 8.6\" -DPACKAGE_BUGREPORT=\"\" -DSTDC_HEADERS=1 -DHAVE_SYS_TYPES_H=1 -DHAVE_SYS_STAT_H=1 -DHAVE_STDLIB_H=1 -DHAVE_STRING_H=1 -DHAVE_MEMORY_H=1 -DHAVE_STRINGS_H=1 -DHAVE_INTTYPES_H=1 -DHAVE_STDINT_H=1 -DHAVE_UNISTD_H=1 -DHAVE_SYS_PARAM_H=1 -DUSE_THREAD_ALLOC=1 -D_REENTRANT=1 -D_THREAD_SAFE=1 -DHAVE_PTHREAD_ATTR_SETSTACKSIZE=1 -DHAVE_PTHREAD_ATFORK=1 -DTCL_THREADS=1 -DTCL_CFGVAL_ENCODING=\"iso8859-1\" -DHAVE_ZLIB=1 -DMODULE_SCOPE=extern\ __attribute__\(\(__visibility__\(\"hidden\"\)\)\) -DHAVE_HIDDEN=1 -DHAVE_CAST_TO_UNION=1 -DTCL_SHLIB_EXT=\".so\" -DNDEBUG=1 -DTCL_CFG_OPTIMIZED=1 -DTCL_TOMMATH=1 -DMP_PREC=4 -D_LARGEFILE64_SOURCE=1 -DTCL_WIDE_INT_IS_LONG=1 -DHAVE_GETCWD=1 -DHAVE_MKSTEMP=1 -DHAVE_OPENDIR=1 -DHAVE_STRTOL=1 -DHAVE_WAITPID=1 -DHAVE_GETNAMEINFO=1 -DHAVE_GETADDRINFO=1 -DHAVE_FREEADDRINFO=1 -DHAVE_GAI_STRERROR=1 -DHAVE_STRUCT_ADDRINFO=1 -DHAVE_STRUCT_IN6_ADDR=1 -DHAVE_STRUCT_SOCKADDR_IN6=1 -DHAVE_STRUCT_SOCKADDR_STORAGE=1 -DHAVE_GETPWUID_R_5=1 -DHAVE_GETPWUID_R=1 -DHAVE_GETPWNAM_R_5=1 -DHAVE_GETPWNAM_R=1 -DHAVE_GETGRGID_R_5=1 -DHAVE_GETGRGID_R=1 -DHAVE_GETGRNAM_R_5=1 -DHAVE_GETGRNAM_R=1 -DHAVE_DECL_GETHOSTBYNAME_R=1 -DHAVE_GETHOSTBYNAME_R_6=1 -DHAVE_GETHOSTBYNAME_R=1 -DHAVE_DECL_GETHOSTBYADDR_R=1 -DHAVE_GETHOSTBYADDR_R_8=1 -DHAVE_GETHOSTBYADDR_R=1 -DHAVE_TERMIOS_H=1 -DHAVE_SYS_IOCTL_H=1 -DHAVE_SYS_TIME_H=1 -DTIME_WITH_SYS_TIME=1 -DHAVE_GMTIME_R=1 -DHAVE_LOCALTIME_R=1 -DHAVE_MKTIME=1 -DHAVE_TM_GMTOFF=1 -DHAVE_TIMEZONE_VAR=1 -DHAVE_STRUCT_STAT_ST_BLOCKS=1 -DHAVE_STRUCT_STAT_ST_BLKSIZE=1 -DHAVE_BLKCNT_T=1 -DHAVE_INTPTR_T=1 -DHAVE_UINTPTR_T=1 -DHAVE_SIGNED_CHAR=1 -DHAVE_LANGINFO=1 -DHAVE_MKSTEMPS=1 -DHAVE_FTS=1 -DHAVE_SYS_IOCTL_H=1 -DTCL_UNLOAD_DLLS=1 -DHAVE_CPUID=1 '
TCL_EXTRA_CFLAGS=' -pipe '
TCL_INCLUDES='-I"/usr/local/src/mysql/tar/tcl8.6.10/generic" -I"/usr/local/src/mysql/tar/tcl8.6.10/unix"'
TCL_LD_FLAGS=' -Wl,--export-dynamic '
TCL_LIBS='-ldl -lz  -lpthread -lm'
TCL_LIB_FILE='libtcl8.6.so'
TCL_LIB_FLAG='-ltcl8.6'
TCL_LIB_SPEC='-L/usr/local/src/mysql/tar/tcl8.6.10/unix -ltcl8.6'
TCL_PATCH_LEVEL='.10'
TCL_SHLIB_LD_LIBS='${LIBS}'
TCL_SRC_DIR='/usr/local/src/mysql/tar/tcl8.6.10'
TCL_STUB_LIB_FILE='libtclstub8.6.a'
TCL_STUB_LIB_FLAG='-ltclstub8.6'
TCL_STUB_LIB_SPEC='-L/usr/local/src/mysql/tar/tcl8.6.10/unix -ltclstub8.6'
TCL_THREADS='1'
TCL_TOP_DIR_NATIVE='"/usr/local/src/mysql/tar/tcl8.6.10"'
TCL_VERSION='8.6'
VC_MANIFEST_EMBED_DLL=''
VC_MANIFEST_EMBED_EXE=''
ac_ct_CC='gcc'
bindir='${exec_prefix}/bin'
build_alias=''
datadir='${datarootdir}'
datarootdir='${prefix}/share'
docdir='${datarootdir}/doc/${PACKAGE_TARNAME}'
dvidir='${docdir}'
exec_prefix='/usr/local/tcl'
host_alias=''
htmldir='${docdir}'
includedir='${prefix}/include'
infodir='${datarootdir}/info'
itcl_BUILD_LIB_SPEC='-L/usr/local/src/mysql/tar/tcl8.6.10/unix/pkgs/itcl4.2.0 -litcl4.2.0'
itcl_BUILD_STUB_LIB_PATH='/usr/local/src/mysql/tar/tcl8.6.10/unix/pkgs/itcl4.2.0/libitclstub4.2.0.a'
itcl_BUILD_STUB_LIB_SPEC='-L/usr/local/src/mysql/tar/tcl8.6.10/unix/pkgs/itcl4.2.0 -litclstub4.2.0'
itcl_INCLUDE_SPEC='-I/usr/local/src/mysql/tar/tcl8.6.10/pkgs/itcl4.2.0/generic'
itcl_LIB_SPEC='-L/usr/local/tcl/lib/itcl4.2.0 -litcl4.2.0'
itcl_SRC_DIR='/usr/local/src/mysql/tar/tcl8.6.10/pkgs/itcl4.2.0'
itcl_STUB_LIB_PATH='/usr/local/tcl/lib/itcl4.2.0/libitclstub4.2.0.a'
itcl_STUB_LIB_SPEC='-L/usr/local/tcl/lib/itcl4.2.0 -litclstub4.2.0'
libdir='/usr/local/tcl/lib'
libexecdir='${exec_prefix}/libexec'
localedir='${datarootdir}/locale'
localstatedir='${prefix}/var'
mandir='${datarootdir}/man'
oldincludedir='/usr/include'
pdfdir='${docdir}'
prefix='/usr/local/tcl'
program_transform_name='s,x,x,'
psdir='${docdir}'
sbindir='${exec_prefix}/sbin'
sharedstatedir='${prefix}/com'
sysconfdir='${prefix}/etc'
target_alias=''

## ----------- ##
## confdefs.h. ##
## ----------- ##

/* confdefs.h */
#define PACKAGE_NAME "itcl"
#define PACKAGE_TARNAME "itcl"
#define PACKAGE_VERSION "4.2.0"
#define PACKAGE_STRING "itcl 4.2.0"
#define PACKAGE_BUGREPORT ""
#define PACKAGE_URL ""
#define BUILD_itcl /**/
#define STDC_HEADERS 1
#define HAVE_SYS_TYPES_H 1
#define HAVE_SYS_STAT_H 1
#define HAVE_STDLIB_H 1
#define HAVE_STRING_H 1
#define HAVE_MEMORY_H 1
#define HAVE_STRINGS_H 1
#define HAVE_INTTYPES_H 1
#define HAVE_STDINT_H 1
#define HAVE_UNISTD_H 1
#define USE_THREAD_ALLOC 1
#define _REENTRANT 1
#define _THREAD_SAFE 1
#define TCL_THREADS 1
#define USE_TCL_STUBS 1
#define USE_TCLOO_STUBS 1
#define MODULE_SCOPE extern __attribute__((__visibility__("hidden")))
#define HAVE_HIDDEN 1
#define HAVE_CAST_TO_UNION 1
#define HAVE_STDBOOL_H 1
#define _LARGEFILE64_SOURCE 1
#define TCL_WIDE_INT_IS_LONG 1
#define HAVE_INTPTR_T 1

configure: exit 0
